#-----------------------------------------------------------
# Webtalk v2017.4.1 (64-bit)
# SW Build 2117270 on Tue Jan 30 15:32:00 MST 2018
# 
# Start of session at: Mon Jun  3 16:18:38 2019
# Process ID: 12276
# Current directory: I:/SoC_class/SoC_Class_example_try/DMA_DDR_CTRL_EGO_internal_intrrupt/DDR_CTRL/DDR_CTRL.sdk/webtalk
# Command line: wbtcv.exe -mode batch -source sdk_webtalk.tcl
# Log file: I:/SoC_class/SoC_Class_example_try/DMA_DDR_CTRL_EGO_internal_intrrupt/DDR_CTRL/DDR_CTRL.sdk/webtalk/webtalk.log
# Journal file: I:/SoC_class/SoC_Class_example_try/DMA_DDR_CTRL_EGO_internal_intrrupt/DDR_CTRL/DDR_CTRL.sdk/webtalk\webtalk.jou
#-----------------------------------------------------------
source sdk_webtalk.tcl
# webtalk_init -webtalk_dir I:\\SoC_class\\SoC_Class_example_try\\DMA_DDR_CTRL_EGO_internal_intrrupt\\DDR_CTRL\\DDR_CTRL.sdk\\webtalk
# webtalk_register_client -client project
# webtalk_add_data -client project -key date_generated -value "2019-06-03 16:18:37" -context "software_version_and_target_device"
# webtalk_add_data -client project -key product_version -value "SDK v2017.4" -context "software_version_and_target_device"
# webtalk_add_data -client project -key build_version -value "2017.4" -context "software_version_and_target_device"
# webtalk_add_data -client project -key os_platform -value "amd64" -context "software_version_and_target_device"
# webtalk_add_data -client project -key registration_id -value "" -context "software_version_and_target_device"
# webtalk_add_data -client project -key tool_flow -value "SDK" -context "software_version_and_target_device"
# webtalk_add_data -client project -key beta -value "false" -context "software_version_and_target_device"
# webtalk_add_data -client project -key route_design -value "NA" -context "software_version_and_target_device"
# webtalk_add_data -client project -key target_family -value "NA" -context "software_version_and_target_device"
# webtalk_add_data -client project -key target_device -value "NA" -context "software_version_and_target_device"
# webtalk_add_data -client project -key target_package -value "NA" -context "software_version_and_target_device"
# webtalk_add_data -client project -key target_speed -value "NA" -context "software_version_and_target_device"
# webtalk_add_data -client project -key random_id -value "mjhh1c7bra9ksnq27i7vnd1o18" -context "software_version_and_target_device"
# webtalk_add_data -client project -key project_id -value "2017.4_1" -context "software_version_and_target_device"
# webtalk_add_data -client project -key project_iteration -value "1" -context "software_version_and_target_device"
# webtalk_add_data -client project -key os_name -value "Microsoft Windows 7 , 64-bit" -context "user_environment"
# webtalk_add_data -client project -key os_release -value "Service Pack 1  (build 7601)" -context "user_environment"
# webtalk_add_data -client project -key cpu_name -value "Intel(R) Core(TM) i7-4770 CPU @ 3.40GHz" -context "user_environment"
# webtalk_add_data -client project -key cpu_speed -value "3392 MHz" -context "user_environment"
# webtalk_add_data -client project -key total_processors -value "1" -context "user_environment"
# webtalk_add_data -client project -key system_ram -value "17.116 GB" -context "user_environment"
# webtalk_register_client -client sdk
# webtalk_add_data -client sdk -key uid -value "1559547559147" -context "sdk\\\\bsp/1559547559147"
# webtalk_add_data -client sdk -key hwid -value "1552656317532" -context "sdk\\\\bsp/1559547559147"
# webtalk_add_data -client sdk -key os -value "standalone" -context "sdk\\\\bsp/1559547559147"
# webtalk_add_data -client sdk -key apptemplate -value "zynq_fsbl" -context "sdk\\\\bsp/1559547559147"
# webtalk_add_data -client sdk -key RecordType -value "BSPCreation" -context "sdk\\\\bsp/1559547559147"
# webtalk_add_data -client sdk -key uid -value "1559547579871" -context "sdk\\\\application/1559547579871"
# webtalk_add_data -client sdk -key hwid -value "1552656317532" -context "sdk\\\\application/1559547579871"
# webtalk_add_data -client sdk -key bspid -value "1559547559147" -context "sdk\\\\application/1559547579871"
# webtalk_add_data -client sdk -key newbsp -value "true" -context "sdk\\\\application/1559547579871"
# webtalk_add_data -client sdk -key os -value "standalone" -context "sdk\\\\application/1559547579871"
# webtalk_add_data -client sdk -key apptemplate -value "zynq_fsbl" -context "sdk\\\\application/1559547579871"
# webtalk_add_data -client sdk -key RecordType -value "APPCreation" -context "sdk\\\\application/1559547579871"
# webtalk_add_data -client sdk -key LangUsed -value "C" -context "sdk\\\\application/1559547579871"
# webtalk_add_data -client sdk -key Procused -value "ps7_cortexa9" -context "sdk\\\\application/1559547579871"
# webtalk_add_data -client sdk -key projSize -value "341.2109375" -context "sdk\\\\application/1559547579871"
# webtalk_add_data -client sdk -key uid -value "NA" -context "sdk\\\\bsp/1559549917435"
# webtalk_add_data -client sdk -key RecordType -value "ToolUsage" -context "sdk\\\\bsp/1559549917435"
# webtalk_add_data -client sdk -key BootgenCount -value "0" -context "sdk\\\\bsp/1559549917435"
# webtalk_add_data -client sdk -key DebugCount -value "0" -context "sdk\\\\bsp/1559549917435"
# webtalk_add_data -client sdk -key PerfCount -value "0" -context "sdk\\\\bsp/1559549917435"
# webtalk_add_data -client sdk -key FlashCount -value "0" -context "sdk\\\\bsp/1559549917435"
# webtalk_add_data -client sdk -key CrossTriggCount -value "0" -context "sdk\\\\bsp/1559549917435"
# webtalk_add_data -client sdk -key QemuDebugCount -value "0" -context "sdk\\\\bsp/1559549917435"
# webtalk_transmit -clientid 3468494769 -regid "" -xml I:\\SoC_class\\SoC_Class_example_try\\DMA_DDR_CTRL_EGO_internal_intrrupt\\DDR_CTRL\\DDR_CTRL.sdk\\webtalk\\usage_statistics_ext_sdk.xml -html I:\\SoC_class\\SoC_Class_example_try\\DMA_DDR_CTRL_EGO_internal_intrrupt\\DDR_CTRL\\DDR_CTRL.sdk\\webtalk\\usage_statistics_ext_sdk.html -wdm I:\\SoC_class\\SoC_Class_example_try\\DMA_DDR_CTRL_EGO_internal_intrrupt\\DDR_CTRL\\DDR_CTRL.sdk\\webtalk\\sdk_webtalk.wdm -intro "<H3>SDK Usage Report</H3><BR>"
INFO: [Common 17-186] 'I:\SoC_class\SoC_Class_example_try\DMA_DDR_CTRL_EGO_internal_intrrupt\DDR_CTRL\DDR_CTRL.sdk\webtalk\usage_statistics_ext_sdk.xml' has been successfully sent to Xilinx on Mon Jun  3 16:18:43 2019. For additional details about this file, please refer to the WebTalk help file at C:/Xilinx/SDK/2017.4/doc/webtalk_introduction.html.
# webtalk_terminate
INFO: [Common 17-206] Exiting Webtalk at Mon Jun  3 16:18:43 2019...
