Copyright 1986-2017 Xilinx, Inc. All Rights Reserved.
--------------------------------------------------------------------------------------
| Tool Version : Vivado v.2017.4.1 (win64) Build 2117270 Tue Jan 30 15:32:00 MST 2018
| Date         : Wed Apr 17 15:02:31 2019
| Host         : F222-PC47-PC running 64-bit Service Pack 1  (build 7601)
| Command      : upgrade_ip
| Device       : xc7z020clg484-1
--------------------------------------------------------------------------------------

Upgrade Log for IP 'System_myip_1_0_0'

1. Summary
----------

CAUTION (success, with warnings) in the upgrade of System_myip_1_0_0 (xilinx.com:user:myip_1:1.0) from (Rev. 11) to (Rev. 13)

After upgrade, an IP may have parameter and port differences compared to the original customization. Please review the parameters within the IP customization GUI to ensure proper functionality. Also, please review the updated IP instantiation template to ensure proper connectivity, and update your design if required.

2. Connection Warnings
----------------------

Detected external port differences while upgrading 'System_myip_1_0_0'. These changes may impact your design.


-Upgraded port 'intr' width 2 differs from original width 1







Copyright 1986-2017 Xilinx, Inc. All Rights Reserved.
--------------------------------------------------------------------------------------
| Tool Version : Vivado v.2017.4.1 (win64) Build 2117270 Tue Jan 30 15:32:00 MST 2018
| Date         : Tue Apr 16 21:36:12 2019
| Host         : F222-PC47-PC running 64-bit Service Pack 1  (build 7601)
| Command      : upgrade_ip
| Device       : xc7z020clg484-1
--------------------------------------------------------------------------------------

Upgrade Log for IP 'System_myip_1_0_0'

1. Summary
----------

SUCCESS in the upgrade of System_myip_1_0_0 (xilinx.com:user:myip_1:1.0) from (Rev. 6) to (Rev. 11)






Copyright 1986-2017 Xilinx, Inc. All Rights Reserved.
--------------------------------------------------------------------------------------
| Tool Version : Vivado v.2017.4.1 (win64) Build 2117270 Tue Jan 30 15:32:00 MST 2018
| Date         : Wed Apr 10 16:02:47 2019
| Host         : F222-PC47-PC running 64-bit Service Pack 1  (build 7601)
| Command      : upgrade_ip
| Device       : xc7z020clg484-1
--------------------------------------------------------------------------------------

Upgrade Log for IP 'System_myip_1_0_0'

1. Summary
----------

SUCCESS in the conversion of System_myip_1_0_0 (xilinx.com:user:myip_1:1.0 (Rev. 6)) to Vivado generation flows.

